<?xml version="1.0" encoding="UTF-8"?>
<!-- Generated by org.testng.reporters.JUnitReportReporter -->
<testsuite skipped="0" hostname="DESKTOP-7RBJ4NF" name="PackOne.ClassTwo" tests="1" failures="0" timestamp="2020-05-15T19:59:12 IST" time="24.275" errors="0">
  <testcase name="methodTwoA" time="24.275" classname="PackOne.ClassTwo"/>
</testsuite> <!-- PackOne.ClassTwo -->
