<?xml version="1.0" encoding="UTF-8"?>
<!-- Generated by org.testng.reporters.JUnitReportReporter -->
<testsuite skipped="0" hostname="DESKTOP-7RBJ4NF" name="PackOne.ClassOne" tests="1" failures="0" timestamp="2020-05-15T19:59:12 IST" time="26.744" errors="0">
  <testcase name="methodOneA" time="26.744" classname="PackOne.ClassOne"/>
</testsuite> <!-- PackOne.ClassOne -->
