<?xml version="1.0" encoding="UTF-8"?>
<!-- Generated by org.testng.reporters.JUnitReportReporter -->
<testsuite skipped="0" hostname="DESKTOP-7RBJ4NF" name="PackOne.ClassTwo" tests="1" failures="0" timestamp="2020-04-25T19:40:25 IST" time="18.792" errors="0">
  <testcase name="methodTwoA" time="18.792" classname="PackOne.ClassTwo"/>
</testsuite> <!-- PackOne.ClassTwo -->
