<?xml version="1.0" encoding="UTF-8"?>
<!-- Generated by org.testng.reporters.JUnitReportReporter -->
<testsuite skipped="0" hostname="DESKTOP-7RBJ4NF" name="PackOne.ClassOne" tests="1" failures="0" timestamp="2020-04-25T19:40:25 IST" time="21.509" errors="0">
  <testcase name="methodOneA" time="21.509" classname="PackOne.ClassOne"/>
</testsuite> <!-- PackOne.ClassOne -->
