<?xml version="1.0" encoding="UTF-8"?>
<!-- Generated by org.testng.reporters.JUnitReportReporter -->
<testsuite skipped="0" hostname="DESKTOP-7RBJ4NF" name="PackOne.ClassFour" tests="1" failures="0" timestamp="2020-04-25T19:40:25 IST" time="20.283" errors="0">
  <testcase name="methodFourA" time="20.283" classname="PackOne.ClassFour"/>
</testsuite> <!-- PackOne.ClassFour -->
