<?xml version="1.0" encoding="UTF-8"?>
<!-- Generated by org.testng.reporters.JUnitReportReporter -->
<testsuite skipped="0" hostname="DESKTOP-7RBJ4NF" name="PackOne.ClassThree" tests="1" failures="0" timestamp="2020-04-25T19:40:25 IST" time="33.778" errors="0">
  <testcase name="methodThreeA" time="33.778" classname="PackOne.ClassThree"/>
</testsuite> <!-- PackOne.ClassThree -->
